# JRE version: OpenJDK Runtime Environment (20.0.2+9) (build 20.0.2+9-78)
# Java VM: OpenJDK 64-Bit Server VM (20.0.2+9-78, mixed mode, sharing, tiered, compressed oops, compressed class ptrs, g1 gc, linux-amd64)
GC Precious Log:
 CardTable entry size: 512
 Card Set container configuration: InlinePtr #cards 4 size 8 Array Of Cards #cards 16 size 48 Howl #buckets 8 coarsen threshold 3686 Howl Bitmap #cards 512 size 80 coarsen threshold 460 Card regions per heap region 1 cards per card region 4096
 CPUs: 12 total, 12 available
 Memory: 15629M
 Large Page Support: Disabled
 NUMA Support: Disabled
 Compressed Oops: Enabled (Zero based)
 Heap Region Size: 2M
 Heap Min Capacity: 8M
 Heap Initial Capacity: 246M
 Heap Max Capacity: 3908M
 Pre-touch: Disabled
 Parallel Workers: 10
 Concurrent Workers: 3
 Concurrent Refinement Workers: 10
 Periodic GC: Disabled
Heap:
 garbage-first heap   total 550912K, used 254244K [0x000000070bc00000, 0x0000000800000000)
  region size 2048K, 18 young (36864K), 2 survivors (4096K)
 Metaspace       used 23343K, committed 23744K, reserved 1114112K
  class space    used 3306K, committed 3520K, reserved 1048576K
GC Heap History (20 events):
Event: 2,064 GC heap before
{Heap before GC invocations=19 (full 0):
 garbage-first heap   total 380928K, used 170011K [0x000000070bc00000, 0x0000000800000000)
  region size 2048K, 3 young (6144K), 1 survivors (2048K)
 Metaspace       used 16359K, committed 16640K, reserved 1114112K
  class space    used 2403K, committed 2496K, reserved 1048576K
}
Event: 2,064 GC heap after
{Heap after GC invocations=20 (full 0):
 garbage-first heap   total 380928K, used 167963K [0x000000070bc00000, 0x0000000800000000)
  region size 2048K, 1 young (2048K), 1 survivors (2048K)
 Metaspace       used 16359K, committed 16640K, reserved 1114112K
  class space    used 2403K, committed 2496K, reserved 1048576K
}
Event: 2,097 GC heap before
{Heap before GC invocations=20 (full 0):
 garbage-first heap   total 380928K, used 172059K [0x000000070bc00000, 0x0000000800000000)
  region size 2048K, 3 young (6144K), 1 survivors (2048K)
 Metaspace       used 16360K, committed 16640K, reserved 1114112K
  class space    used 2403K, committed 2496K, reserved 1048576K
}
Event: 2,097 GC heap after
{Heap after GC invocations=21 (full 0):
 garbage-first heap   total 380928K, used 170020K [0x000000070bc00000, 0x0000000800000000)
  region size 2048K, 1 young (2048K), 1 survivors (2048K)
 Metaspace       used 16360K, committed 16640K, reserved 1114112K
  class space    used 2403K, committed 2496K, reserved 1048576K
}
Event: 2,130 GC heap before
{Heap before GC invocations=22 (full 0):
 garbage-first heap   total 380928K, used 174116K [0x000000070bc00000, 0x0000000800000000)
  region size 2048K, 3 young (6144K), 1 survivors (2048K)
 Metaspace       used 16364K, committed 16704K, reserved 1114112K
  class space    used 2403K, committed 2496K, reserved 1048576K
}
Event: 2,131 GC heap after
{Heap after GC invocations=23 (full 0):
 garbage-first heap   total 380928K, used 172057K [0x000000070bc00000, 0x0000000800000000)
  region size 2048K, 1 young (2048K), 1 survivors (2048K)
 Metaspace       used 16364K, committed 16704K, reserved 1114112K
  class space    used 2403K, committed 2496K, reserved 1048576K
}
Event: 2,179 GC heap before
{Heap before GC invocations=24 (full 0):
 garbage-first heap   total 380928K, used 176153K [0x000000070bc00000, 0x0000000800000000)
  region size 2048K, 3 young (6144K), 1 survivors (2048K)
 Metaspace       used 16369K, committed 16704K, reserved 1114112K
  class space    used 2403K, committed 2496K, reserved 1048576K
}
Event: 2,180 GC heap after
{Heap after GC invocations=25 (full 0):
 garbage-first heap   total 380928K, used 174112K [0x000000070bc00000, 0x0000000800000000)
  region size 2048K, 1 young (2048K), 1 survivors (2048K)
 Metaspace       used 16369K, committed 16704K, reserved 1114112K
  class space    used 2403K, committed 2496K, reserved 1048576K
}
Event: 2,212 GC heap before
{Heap before GC invocations=26 (full 0):
 garbage-first heap   total 380928K, used 178208K [0x000000070bc00000, 0x0000000800000000)
  region size 2048K, 3 young (6144K), 1 survivors (2048K)
 Metaspace       used 16370K, committed 16704K, reserved 1114112K
  class space    used 2403K, committed 2496K, reserved 1048576K
}
Event: 2,213 GC heap after
{Heap after GC invocations=27 (full 0):
 garbage-first heap   total 458752K, used 176156K [0x000000070bc00000, 0x0000000800000000)
  region size 2048K, 1 young (2048K), 1 survivors (2048K)
 Metaspace       used 16370K, committed 16704K, reserved 1114112K
  class space    used 2403K, committed 2496K, reserved 1048576K
}
Event: 2,742 GC heap before
{Heap before GC invocations=27 (full 0):
 garbage-first heap   total 458752K, used 204828K [0x000000070bc00000, 0x0000000800000000)
  region size 2048K, 3 young (6144K), 1 survivors (2048K)
 Metaspace       used 16492K, committed 16896K, reserved 1114112K
  class space    used 2417K, committed 2624K, reserved 1048576K
}
Event: 2,742 GC heap after
{Heap after GC invocations=28 (full 0):
 garbage-first heap   total 458752K, used 202834K [0x000000070bc00000, 0x0000000800000000)
  region size 2048K, 1 young (2048K), 1 survivors (2048K)
 Metaspace       used 16492K, committed 16896K, reserved 1114112K
  class space    used 2417K, committed 2624K, reserved 1048576K
}
Event: 2,775 GC heap before
{Heap before GC invocations=28 (full 0):
 garbage-first heap   total 458752K, used 208978K [0x000000070bc00000, 0x0000000800000000)
  region size 2048K, 4 young (8192K), 1 survivors (2048K)
 Metaspace       used 16500K, committed 16896K, reserved 1114112K
  class space    used 2417K, committed 2624K, reserved 1048576K
}
Event: 2,776 GC heap after
{Heap after GC invocations=29 (full 0):
 garbage-first heap   total 458752K, used 204887K [0x000000070bc00000, 0x0000000800000000)
  region size 2048K, 1 young (2048K), 1 survivors (2048K)
 Metaspace       used 16500K, committed 16896K, reserved 1114112K
  class space    used 2417K, committed 2624K, reserved 1048576K
}
Event: 2,808 GC heap before
{Heap before GC invocations=30 (full 0):
 garbage-first heap   total 458752K, used 208983K [0x000000070bc00000, 0x0000000800000000)
  region size 2048K, 3 young (6144K), 1 survivors (2048K)
 Metaspace       used 16503K, committed 16896K, reserved 1114112K
  class space    used 2417K, committed 2624K, reserved 1048576K
}
Event: 2,808 GC heap after
{Heap after GC invocations=31 (full 0):
 garbage-first heap   total 458752K, used 206931K [0x000000070bc00000, 0x0000000800000000)
  region size 2048K, 1 young (2048K), 1 survivors (2048K)
 Metaspace       used 16503K, committed 16896K, reserved 1114112K
  class space    used 2417K, committed 2624K, reserved 1048576K
}
Event: 2,857 GC heap before
{Heap before GC invocations=32 (full 0):
 garbage-first heap   total 458752K, used 211027K [0x000000070bc00000, 0x0000000800000000)
  region size 2048K, 3 young (6144K), 1 survivors (2048K)
 Metaspace       used 16504K, committed 16896K, reserved 1114112K
  class space    used 2417K, committed 2624K, reserved 1048576K
}
Event: 2,857 GC heap after
{Heap after GC invocations=33 (full 0):
 garbage-first heap   total 458752K, used 208983K [0x000000070bc00000, 0x0000000800000000)
  region size 2048K, 1 young (2048K), 1 survivors (2048K)
 Metaspace       used 16504K, committed 16896K, reserved 1114112K
  class space    used 2417K, committed 2624K, reserved 1048576K
}
Event: 4,823 GC heap before
{Heap before GC invocations=34 (full 0):
 garbage-first heap   total 458752K, used 223319K [0x000000070bc00000, 0x0000000800000000)
  region size 2048K, 8 young (16384K), 1 survivors (2048K)
 Metaspace       used 20571K, committed 20928K, reserved 1114112K
  class space    used 2865K, committed 3072K, reserved 1048576K
}
Event: 4,824 GC heap after
{Heap after GC invocations=35 (full 0):
 garbage-first heap   total 550912K, used 213284K [0x000000070bc00000, 0x0000000800000000)
  region size 2048K, 2 young (4096K), 2 survivors (4096K)
 Metaspace       used 20571K, committed 20928K, reserved 1114112K
  class space    used 2865K, committed 3072K, reserved 1048576K
}

